<?xml version="1.0" encoding="UTF-8"?>
<!-- Generated by org.testng.reporters.JUnitXMLReporter -->
<testsuite ignored="0" hostname="harish-IdeaPad-Gaming-3-15IMH05" failures="1" tests="1" name="Default test" time="0.045" errors="0" timestamp="2021-07-21T13:56:10 IST">
  <testcase classname="lib.CommonClass" name="@BeforeSuite setup" time="-1.62685597027E9">
    <failure type="org.testng.TestNGException" message="
Parameter &amp;apos;bRunInTestMode&amp;apos; is required by BeforeSuite on method setup but has not been marked @Optional or defined
in /tmp/testng-eclipse--1544525921/testng-customsuite.xml">
      <![CDATA[org.testng.TestNGException: 
Parameter 'bRunInTestMode' is required by BeforeSuite on method setup but has not been marked @Optional or defined
in /tmp/testng-eclipse--1544525921/testng-customsuite.xml
at org.testng.internal.Parameters.createParams(Parameters.java:270)
at org.testng.internal.Parameters.createParametersForMethod(Parameters.java:358)
at org.testng.internal.Parameters.createParameters(Parameters.java:700)
at org.testng.internal.Parameters.createConfigurationParameters(Parameters.java:168)
at org.testng.internal.ConfigInvoker.invokeConfigurations(ConfigInvoker.java:302)
at org.testng.SuiteRunner.privateRun(SuiteRunner.java:317)
at org.testng.SuiteRunner.run(SuiteRunner.java:276)
at org.testng.SuiteRunnerWorker.runSuite(SuiteRunnerWorker.java:53)
at org.testng.SuiteRunnerWorker.run(SuiteRunnerWorker.java:96)
at org.testng.TestNG.runSuitesSequentially(TestNG.java:1212)
at org.testng.TestNG.runSuitesLocally(TestNG.java:1134)
at org.testng.TestNG.runSuites(TestNG.java:1063)
at org.testng.TestNG.run(TestNG.java:1031)
at org.testng.remote.AbstractRemoteTestNG.run(AbstractRemoteTestNG.java:115)
at org.testng.remote.RemoteTestNG.initAndRun(RemoteTestNG.java:251)
at org.testng.remote.RemoteTestNG.main(RemoteTestNG.java:77)
]]>
    </failure>
  </testcase> <!-- @BeforeSuite setup -->
  <testcase classname="lib.CommonClass" name="@BeforeTest setUp" time="-1.626855970287E9">
    <skipped/>
  </testcase> <!-- @BeforeTest setUp -->
  <testcase classname="lib.CommonClass" name="@AfterTest tearDown" time="-1.626855970326E9">
    <skipped/>
  </testcase> <!-- @AfterTest tearDown -->
  <testcase classname="comboAppTests.ComboAppTest" name="ulipKotakTest on ComboAppData [iTestCaseID=0, sUsername=null, sPassword=null, sName=null, sDOB=null,sPopUp=null, sMobileNO=null, sEmail=null, sPremiumType=null, sAnuallIncome=null,sAnualIncmeAmt=null,sPolicyPeriod=null, sPolicyPremium=null,sQualification=null,sCovrageAmt=null,sCovrageAddon=null,sPanNo=null,sPincode=null , sCardno =null, sMonthcreitcrd=null, sYearcrdtcard =null, sCvvnocredtcard=null, saddline1=null,saddline2=null, saddLandmark=null,sAddharno=null, sMaritialStatus=null,sweightd=null, sHeightselctFt =null,sHeightselctinch=null, sFatherName=null, sMotherName=null, sNominGender=null,sNomineeDOb=null]" time="0.0">
    <failure type="org.testng.TestNGException" message="
Data Provider private static java.lang.Object[][] lib.CommonExcel.getData() throws java.lang.Exception returned a null value">
      <![CDATA[org.testng.TestNGException: 
Data Provider private static java.lang.Object[][] lib.CommonExcel.getData() throws java.lang.Exception returned a null value
at org.testng.internal.MethodInvocationHelper.invokeDataProvider(MethodInvocationHelper.java:148)
at org.testng.internal.Parameters.handleParameters(Parameters.java:798)
at org.testng.internal.Parameters.handleParameters(Parameters.java:740)
at org.testng.internal.ParameterHandler.handleParameters(ParameterHandler.java:59)
at org.testng.internal.ParameterHandler.createParameters(ParameterHandler.java:38)
at org.testng.internal.TestInvoker$MethodInvocationAgent.invoke(TestInvoker.java:791)
at org.testng.internal.TestInvoker.invokeTestMethods(TestInvoker.java:146)
at org.testng.internal.TestMethodWorker.invokeTestMethods(TestMethodWorker.java:146)
at org.testng.internal.TestMethodWorker.run(TestMethodWorker.java:128)
at java.base/java.util.ArrayList.forEach(ArrayList.java:1541)
at org.testng.TestRunner.privateRun(TestRunner.java:794)
at org.testng.TestRunner.run(TestRunner.java:596)
at org.testng.SuiteRunner.runTest(SuiteRunner.java:377)
at org.testng.SuiteRunner.runSequentially(SuiteRunner.java:371)
at org.testng.SuiteRunner.privateRun(SuiteRunner.java:332)
at org.testng.SuiteRunner.run(SuiteRunner.java:276)
at org.testng.SuiteRunnerWorker.runSuite(SuiteRunnerWorker.java:53)
at org.testng.SuiteRunnerWorker.run(SuiteRunnerWorker.java:96)
at org.testng.TestNG.runSuitesSequentially(TestNG.java:1212)
at org.testng.TestNG.runSuitesLocally(TestNG.java:1134)
at org.testng.TestNG.runSuites(TestNG.java:1063)
at org.testng.TestNG.run(TestNG.java:1031)
at org.testng.remote.AbstractRemoteTestNG.run(AbstractRemoteTestNG.java:115)
at org.testng.remote.RemoteTestNG.initAndRun(RemoteTestNG.java:251)
at org.testng.remote.RemoteTestNG.main(RemoteTestNG.java:77)
]]>
    </failure>
  </testcase> <!-- ulipKotakTest on ComboAppData [iTestCaseID=0, sUsername=null, sPassword=null, sName=null, sDOB=null,sPopUp=null, sMobileNO=null, sEmail=null, sPremiumType=null, sAnuallIncome=null,sAnualIncmeAmt=null,sPolicyPeriod=null, sPolicyPremium=null,sQualification=null,sCovrageAmt=null,sCovrageAddon=null,sPanNo=null,sPincode=null , sCardno =null, sMonthcreitcrd=null, sYearcrdtcard =null, sCvvnocredtcard=null, saddline1=null,saddline2=null, saddLandmark=null,sAddharno=null, sMaritialStatus=null,sweightd=null, sHeightselctFt =null,sHeightselctinch=null, sFatherName=null, sMotherName=null, sNominGender=null,sNomineeDOb=null] -->
</testsuite> <!-- Default test -->
