<?xml version="1.0" encoding="UTF-8"?>
<!-- Generated by org.testng.reporters.JUnitXMLReporter -->
<testsuite ignored="0" hostname="harish-IdeaPad-Gaming-3-15IMH05" failures="1" tests="1" name="Test" time="21.217" errors="0" timestamp="2021-10-18T20:02:22 IST">
  <testcase classname="ucAppTests.UCAppTest" name="ulipKotakTest on ComboAppData [iTestCaseID=0, sUsername=null, sPassword=null, sName=null, sDOB=null,sPopUp=null, sMobileNO=null, sEmail=null, sPremiumType=null, sAnuallIncome=null,sAnualIncmeAmt=null,sPolicyPeriod=null, sPolicyPremium=null,sQualification=null,sCovrageAmt=null,sCovrageAddon=null,sPanNo=null,sPincode=null , sCardno =null, sMonthcreitcrd=null, sYearcrdtcard =null, sCvvnocredtcard=null, saddline1=null,saddline2=null, saddLandmark=null,sAddharno=null, sMaritialStatus=null,sweightd=null, sHeightselctFt =null,sHeightselctinch=null, sFatherName=null, sMotherName=null, sNominGender=null,sNomineeDOb=null]" time="20.511">
    <failure type="org.openqa.selenium.WebDriverException" message="chrome not reachable
  (Session info: chrome=92.0.4515.159)
  (Driver info: chromedriver=2.41.578700 (2f1ed5f9343c13f73144538f15c00b370eda6706),platform=Linux 5.11.0-37-generic x86_64) (WARNING: The server did not provide any stacktrace information)
Command duration or timeout: 4 milliseconds
Build info: version: &amp;apos;2.53.1&amp;apos;, revision: &amp;apos;a36b8b1cd5757287168e54b817830adce9b0158d&amp;apos;, time: &amp;apos;2016-06-30 19:26:09&amp;apos;
System info: host: &amp;apos;harish-IdeaPad-Gaming-3-15IMH05&amp;apos;, ip: &amp;apos;127.0.1.1&amp;apos;, os.name: &amp;apos;Linux&amp;apos;, os.arch: &amp;apos;amd64&amp;apos;, os.version: &amp;apos;5.11.0-37-generic&amp;apos;, java.version: &amp;apos;11.0.11&amp;apos;
Driver info: org.openqa.selenium.chrome.ChromeDriver
Capabilities [{mobileEmulationEnabled=false, hasTouchScreen=false, platform=LINUX, acceptSslCerts=false, goog:chromeOptions={debuggerAddress=localhost:37623}, acceptInsecureCerts=false, webStorageEnabled=true, browserName=chrome, takesScreenshot=true, javascriptEnabled=true, setWindowRect=true, unexpectedAlertBehaviour=, applicationCacheEnabled=false, rotatable=false, networkConnectionEnabled=false, chrome={chromedriverVersion=2.41.578700 (2f1ed5f9343c13f73144538f15c00b370eda6706), userDataDir=/tmp/.org.chromium.Chromium.dfDjRQ}, takesHeapSnapshot=true, pageLoadStrategy=normal, databaseEnabled=false, handlesAlerts=true, version=92.0.4515.159, browserConnectionEnabled=false, nativeEvents=true, locationContextEnabled=true, cssSelectorsEnabled=true}]
Session ID: 3851ad20cdf71a455189dece902ffa5e">
      <![CDATA[org.openqa.selenium.WebDriverException: chrome not reachable
  (Session info: chrome=92.0.4515.159)
  (Driver info: chromedriver=2.41.578700 (2f1ed5f9343c13f73144538f15c00b370eda6706),platform=Linux 5.11.0-37-generic x86_64) (WARNING: The server did not provide any stacktrace information)
Command duration or timeout: 4 milliseconds
Build info: version: '2.53.1', revision: 'a36b8b1cd5757287168e54b817830adce9b0158d', time: '2016-06-30 19:26:09'
System info: host: 'harish-IdeaPad-Gaming-3-15IMH05', ip: '127.0.1.1', os.name: 'Linux', os.arch: 'amd64', os.version: '5.11.0-37-generic', java.version: '11.0.11'
Driver info: org.openqa.selenium.chrome.ChromeDriver
Capabilities [{mobileEmulationEnabled=false, hasTouchScreen=false, platform=LINUX, acceptSslCerts=false, goog:chromeOptions={debuggerAddress=localhost:37623}, acceptInsecureCerts=false, webStorageEnabled=true, browserName=chrome, takesScreenshot=true, javascriptEnabled=true, setWindowRect=true, unexpectedAlertBehaviour=, applicationCacheEnabled=false, rotatable=false, networkConnectionEnabled=false, chrome={chromedriverVersion=2.41.578700 (2f1ed5f9343c13f73144538f15c00b370eda6706), userDataDir=/tmp/.org.chromium.Chromium.dfDjRQ}, takesHeapSnapshot=true, pageLoadStrategy=normal, databaseEnabled=false, handlesAlerts=true, version=92.0.4515.159, browserConnectionEnabled=false, nativeEvents=true, locationContextEnabled=true, cssSelectorsEnabled=true}]
Session ID: 3851ad20cdf71a455189dece902ffa5e
at org.openqa.selenium.remote.ErrorHandler.createThrowable(ErrorHandler.java:206)
at org.openqa.selenium.remote.ErrorHandler.throwIfResponseFailed(ErrorHandler.java:158)
at org.openqa.selenium.remote.RemoteWebDriver.execute(RemoteWebDriver.java:678)
at org.openqa.selenium.remote.RemoteWebDriver.execute(RemoteWebDriver.java:701)
at org.openqa.selenium.remote.RemoteWebDriver.getScreenshotAs(RemoteWebDriver.java:335)
at lib.BaseClass.vTakeImage(BaseClass.java:111)
at lib.BaseClass.vTakeImage(BaseClass.java:99)
at ucAppTests.UCAppTest.ulipKotakTest(UCAppTest.java:343)
at java.base/java.util.ArrayList.forEach(ArrayList.java:1541)
... Removed 31 stack frames]]>
    </failure>
  </testcase> <!-- ulipKotakTest on ComboAppData [iTestCaseID=0, sUsername=null, sPassword=null, sName=null, sDOB=null,sPopUp=null, sMobileNO=null, sEmail=null, sPremiumType=null, sAnuallIncome=null,sAnualIncmeAmt=null,sPolicyPeriod=null, sPolicyPremium=null,sQualification=null,sCovrageAmt=null,sCovrageAddon=null,sPanNo=null,sPincode=null , sCardno =null, sMonthcreitcrd=null, sYearcrdtcard =null, sCvvnocredtcard=null, saddline1=null,saddline2=null, saddLandmark=null,sAddharno=null, sMaritialStatus=null,sweightd=null, sHeightselctFt =null,sHeightselctinch=null, sFatherName=null, sMotherName=null, sNominGender=null,sNomineeDOb=null] -->
</testsuite> <!-- Test -->
